<?xml version="1.0" encoding="UTF-8"?>
<testng-results skipped="0" failed="0" total="1" passed="1">
  <reporter-output>
  </reporter-output>
  <suite name="Default suite" duration-ms="43929" started-at="2016-05-15T10:03:16Z" finished-at="2016-05-15T10:04:00Z">
    <groups>
    </groups>
    <test name="Default test" duration-ms="43929" started-at="2016-05-15T10:03:16Z" finished-at="2016-05-15T10:04:00Z">
      <class name="com.sweety.testCase.FunctionalTest">
        <test-method status="PASS" signature="login()[pri:0, instance:com.sweety.testCase.FunctionalTest@4563e9ab]" name="login" is-config="true" duration-ms="15319" started-at="2016-05-15T15:33:16Z" finished-at="2016-05-15T15:33:32Z">
          <reporter-output>
          </reporter-output>
        </test-method> <!-- login -->
        <test-method status="PASS" signature="FuncTest()[pri:0, instance:com.sweety.testCase.FunctionalTest@4563e9ab]" name="FuncTest" duration-ms="28064" started-at="2016-05-15T15:33:32Z" finished-at="2016-05-15T15:34:00Z">
          <reporter-output>
          </reporter-output>
        </test-method> <!-- FuncTest -->
        <test-method status="PASS" signature="closeApp()[pri:0, instance:com.sweety.testCase.FunctionalTest@4563e9ab]" name="closeApp" is-config="true" duration-ms="528" started-at="2016-05-15T15:34:00Z" finished-at="2016-05-15T15:34:00Z">
          <reporter-output>
          </reporter-output>
        </test-method> <!-- closeApp -->
      </class> <!-- com.sweety.testCase.FunctionalTest -->
    </test> <!-- Default test -->
  </suite> <!-- Default suite -->
</testng-results>
